<?xml version="1.0" encoding="UTF-8"?>
<testng-results skipped="0" failed="0" ignored="0" total="1" passed="1">
  <reporter-output>
  </reporter-output>
  <suite name="TestNg.TestNgBasics" duration-ms="22" started-at="2020-03-11T16:58:24 IST" finished-at="2020-03-11T16:58:24 IST">
    <groups>
    </groups>
    <test name="Command line test" duration-ms="22" started-at="2020-03-11T16:58:24 IST" finished-at="2020-03-11T16:58:24 IST">
      <class name="TestNg.TestNgBasics">
        <test-method status="PASS" signature="suite()[pri:0, instance:TestNg.TestNgBasics@25bbe1b6]" name="suite" is-config="true" duration-ms="7" started-at="2020-03-11T16:58:24 IST" finished-at="2020-03-11T16:58:24 IST">
          <reporter-output>
          </reporter-output>
        </test-method> <!-- suite -->
        <test-method status="PASS" signature="before_test()[pri:0, instance:TestNg.TestNgBasics@25bbe1b6]" name="before_test" is-config="true" duration-ms="0" started-at="2020-03-11T16:58:24 IST" finished-at="2020-03-11T16:58:24 IST">
          <reporter-output>
          </reporter-output>
        </test-method> <!-- before_test -->
        <test-method status="PASS" signature="enter_url()[pri:0, instance:TestNg.TestNgBasics@25bbe1b6]" name="enter_url" is-config="true" duration-ms="0" started-at="2020-03-11T16:58:24 IST" finished-at="2020-03-11T16:58:24 IST">
          <reporter-output>
          </reporter-output>
        </test-method> <!-- enter_url -->
        <test-method status="PASS" signature="test1()[pri:0, instance:TestNg.TestNgBasics@25bbe1b6]" name="test1" duration-ms="1" started-at="2020-03-11T16:58:24 IST" finished-at="2020-03-11T16:58:24 IST">
          <reporter-output>
          </reporter-output>
        </test-method> <!-- test1 -->
        <test-method status="PASS" signature="after_method()[pri:0, instance:TestNg.TestNgBasics@25bbe1b6]" name="after_method" is-config="true" duration-ms="0" started-at="2020-03-11T16:58:24 IST" finished-at="2020-03-11T16:58:24 IST">
          <reporter-output>
          </reporter-output>
        </test-method> <!-- after_method -->
        <test-method status="PASS" signature="after_class()[pri:0, instance:TestNg.TestNgBasics@25bbe1b6]" name="after_class" is-config="true" duration-ms="0" started-at="2020-03-11T16:58:24 IST" finished-at="2020-03-11T16:58:24 IST">
          <reporter-output>
          </reporter-output>
        </test-method> <!-- after_class -->
        <test-method status="PASS" signature="after_test()[pri:0, instance:TestNg.TestNgBasics@25bbe1b6]" name="after_test" is-config="true" duration-ms="0" started-at="2020-03-11T16:58:24 IST" finished-at="2020-03-11T16:58:24 IST">
          <reporter-output>
          </reporter-output>
        </test-method> <!-- after_test -->
        <test-method status="PASS" signature="after_suite()[pri:0, instance:TestNg.TestNgBasics@25bbe1b6]" name="after_suite" is-config="true" duration-ms="0" started-at="2020-03-11T16:58:24 IST" finished-at="2020-03-11T16:58:24 IST">
          <reporter-output>
          </reporter-output>
        </test-method> <!-- after_suite -->
      </class> <!-- TestNg.TestNgBasics -->
    </test> <!-- Command line test -->
  </suite> <!-- TestNg.TestNgBasics -->
</testng-results>
